04-24  13:32:14 : I - L: Initializing...
04-24  13:32:14 : I - L: Connecting...
04-24  13:32:14 : I - L: Connected
04-24  13:32:15 : I - R: Initializing...
04-24  13:32:15 : I - R: Connecting...
04-24  13:32:15 : I - P: Connected
04-24  13:32:15 : I - R: Connected
04-24  13:32:21 : C - R: Out of Range
04-24  13:32:21 : C - R: Out of Range
04-24  13:32:22 : I - R: Connecting...
04-24  13:32:22 : I - R: Connecting...
04-24  13:32:25 : I - L: Connected
04-24  13:32:26 : I - R: Connected
04-24  13:32:26 : I - R: Connected
04-24  13:32:33 : C - L: Out of Range
04-24  13:32:33 : C - L: Out of Range
04-24  13:32:33 : C - L: Out of Range
04-24  13:32:34 : I - L: Connecting...
04-24  13:32:34 : I - L: Connecting...
04-24  13:32:34 : I - L: Connecting...
04-24  13:32:36 : I - R: Connected
04-24  13:32:42 : I - L: Connected
04-24  13:32:42 : I - L: Connected
04-24  13:32:42 : I - L: Connected
04-24  13:32:50 : I - L: Connected
04-24  13:32:51 : I - R: Connected
04-24  13:32:52 : C - R: Out of Range
04-24  13:32:53 : I - R: Connecting...
04-24  13:32:54 : I - R: Connected
04-24  13:33:08 : I - L: Initializing...
04-24  13:33:08 : I - L: Connecting...
04-24  13:33:08 : I - L: Connected
04-24  13:33:08 : I - P: Connected
04-24  13:33:19 : I - R: Initializing...
04-24  13:33:19 : I - R: Connecting...
04-24  13:33:20 : I - R: Connected
